<?xml version='1.0' encoding='utf-8'?>
<!DOCTYPE hibernate-configuration PUBLIC
        "-//Hibernate/Hibernate Configuration DTD//EN"
        "http://www.hibernate.org/dtd/hibernate-configuration-3.0.dtd">

<hibernate-configuration>
    <session-factory>
        <mapping class="springtestapp.model.Contact" />
        <mapping class="springtestapp.model.ContactTelDetail" />
        <mapping class="springtestapp.model.Hobby" />
    </session-factory>
</hibernate-configuration>